<?xml version="1.0" encoding="UTF-8"?>
<testsuite xmlns:xsi="http://www.w3.org/2001/XMLSchema-instance" xsi:noNamespaceSchemaLocation="https://maven.apache.org/surefire/maven-surefire-plugin/xsd/surefire-test-report.xsd" name="com.aws.handson.iaac.service.test.ProductServiceTest" time="5.066" tests="5" errors="0" skipped="5" failures="0">
  <properties>
[...]
</properties>
  <testcase name="testFindOneAndDelete" classname="com.aws.handson.iaac.service.test.ProductServiceTest" time="0">
    <skipped message="public void com.aws.handson.iaac.service.test.ProductServiceTest.testFindOneAndDelete() is @Disabled"/>
    <system-out><![CDATA[14:06:46.401 [main] DEBUG org.springframework.test.context.BootstrapUtils - Instantiating CacheAwareContextLoaderDelegate from class [org.springframework.test.context.cache.DefaultCacheAwareContextLoaderDelegate]
14:06:46.411 [main] DEBUG org.springframework.test.context.BootstrapUtils - Instantiating BootstrapContext using constructor [public org.springframework.test.context.support.DefaultBootstrapContext(java.lang.Class,org.springframework.test.context.CacheAwareContextLoaderDelegate)]
14:06:46.440 [main] DEBUG org.springframework.test.context.BootstrapUtils - Instantiating TestContextBootstrapper for test class [com.aws.handson.iaac.service.test.ProductServiceTest] from class [org.springframework.boot.test.context.SpringBootTestContextBootstrapper]
14:06:46.451 [main] INFO org.springframework.boot.test.context.SpringBootTestContextBootstrapper - Neither @ContextConfiguration nor @ContextHierarchy found for test class [com.aws.handson.iaac.service.test.ProductServiceTest], using SpringBootContextLoader
14:06:46.457 [main] DEBUG org.springframework.test.context.support.AbstractContextLoader - Did not detect default resource location for test class [com.aws.handson.iaac.service.test.ProductServiceTest]: class path resource [com/aws/handson/iaac/service/test/ProductServiceTest-context.xml] does not exist
14:06:46.458 [main] DEBUG org.springframework.test.context.support.AbstractContextLoader - Did not detect default resource location for test class [com.aws.handson.iaac.service.test.ProductServiceTest]: class path resource [com/aws/handson/iaac/service/test/ProductServiceTestContext.groovy] does not exist
14:06:46.458 [main] INFO org.springframework.test.context.support.AbstractContextLoader - Could not detect default resource locations for test class [com.aws.handson.iaac.service.test.ProductServiceTest]: no resource found for suffixes {-context.xml, Context.groovy}.
14:06:46.459 [main] INFO org.springframework.test.context.support.AnnotationConfigContextLoaderUtils - Could not detect default configuration classes for test class [com.aws.handson.iaac.service.test.ProductServiceTest]: ProductServiceTest does not declare any static, non-private, non-final, nested classes annotated with @Configuration.
14:06:46.518 [main] DEBUG org.springframework.test.context.support.ActiveProfilesUtils - Could not find an 'annotation declaring class' for annotation type [org.springframework.test.context.ActiveProfiles] and class [com.aws.handson.iaac.service.test.ProductServiceTest]
14:06:46.573 [main] DEBUG org.springframework.context.annotation.ClassPathScanningCandidateComponentProvider - Identified candidate component class: file [/home/luongtx/Workspace/GITHUB/SpringAwsEcommerce/target/classes/com/aws/handson/iaac/SpringbootEcomApplication.class]
14:06:46.574 [main] INFO org.springframework.boot.test.context.SpringBootTestContextBootstrapper - Found @SpringBootConfiguration com.aws.handson.iaac.SpringbootEcomApplication for test class com.aws.handson.iaac.service.test.ProductServiceTest
14:06:46.646 [main] DEBUG org.springframework.boot.test.context.SpringBootTestContextBootstrapper - @TestExecutionListeners is not present for class [com.aws.handson.iaac.service.test.ProductServiceTest]: using defaults.
14:06:46.646 [main] INFO org.springframework.boot.test.context.SpringBootTestContextBootstrapper - Loaded default TestExecutionListener class names from location [META-INF/spring.factories]: [org.springframework.boot.test.mock.mockito.MockitoTestExecutionListener, org.springframework.boot.test.mock.mockito.ResetMocksTestExecutionListener, org.springframework.boot.test.autoconfigure.restdocs.RestDocsTestExecutionListener, org.springframework.boot.test.autoconfigure.web.client.MockRestServiceServerResetTestExecutionListener, org.springframework.boot.test.autoconfigure.web.servlet.MockMvcPrintOnlyOnFailureTestExecutionListener, org.springframework.boot.test.autoconfigure.web.servlet.WebDriverTestExecutionListener, org.springframework.boot.test.autoconfigure.webservices.client.MockWebServiceServerTestExecutionListener, org.springframework.test.context.web.ServletTestExecutionListener, org.springframework.test.context.support.DirtiesContextBeforeModesTestExecutionListener, org.springframework.test.context.event.ApplicationEventsTestExecutionListener, org.springframework.test.context.support.DependencyInjectionTestExecutionListener, org.springframework.test.context.support.DirtiesContextTestExecutionListener, org.springframework.test.context.transaction.TransactionalTestExecutionListener, org.springframework.test.context.jdbc.SqlScriptsTestExecutionListener, org.springframework.test.context.event.EventPublishingTestExecutionListener]
14:06:46.661 [main] INFO org.springframework.boot.test.context.SpringBootTestContextBootstrapper - Using TestExecutionListeners: [org.springframework.test.context.web.ServletTestExecutionListener@7a55af6b, org.springframework.test.context.support.DirtiesContextBeforeModesTestExecutionListener@3d9c13b5, org.springframework.test.context.event.ApplicationEventsTestExecutionListener@492691d7, org.springframework.boot.test.mock.mockito.MockitoTestExecutionListener@27216cd, org.springframework.boot.test.autoconfigure.SpringBootDependencyInjectionTestExecutionListener@558bdf1f, org.springframework.test.context.support.DirtiesContextTestExecutionListener@8576fa0, org.springframework.test.context.transaction.TransactionalTestExecutionListener@7582ff54, org.springframework.test.context.jdbc.SqlScriptsTestExecutionListener@67545b57, org.springframework.test.context.event.EventPublishingTestExecutionListener@6c2c1385, org.springframework.boot.test.mock.mockito.ResetMocksTestExecutionListener@5f354bcf, org.springframework.boot.test.autoconfigure.restdocs.RestDocsTestExecutionListener@3daf7722, org.springframework.boot.test.autoconfigure.web.client.MockRestServiceServerResetTestExecutionListener@78641d23, org.springframework.boot.test.autoconfigure.web.servlet.MockMvcPrintOnlyOnFailureTestExecutionListener@74589991, org.springframework.boot.test.autoconfigure.web.servlet.WebDriverTestExecutionListener@146dfe6, org.springframework.boot.test.autoconfigure.webservices.client.MockWebServiceServerTestExecutionListener@4716be8b]
14:06:46.666 [main] DEBUG org.springframework.test.context.support.AbstractDirtiesContextTestExecutionListener - Before test class: context [DefaultTestContext@10a9d961 testClass = ProductServiceTest, testInstance = [null], testMethod = [null], testException = [null], mergedContextConfiguration = [WebMergedContextConfiguration@130e116b testClass = ProductServiceTest, locations = '{}', classes = '{class com.aws.handson.iaac.SpringbootEcomApplication}', contextInitializerClasses = '[]', activeProfiles = '{}', propertySourceLocations = '{}', propertySourceProperties = '{org.springframework.boot.test.context.SpringBootTestContextBootstrapper=true}', contextCustomizers = set[org.springframework.boot.test.context.filter.ExcludeFilterContextCustomizer@25084a1e, org.springframework.boot.test.json.DuplicateJsonObjectContextCustomizerFactory$DuplicateJsonObjectContextCustomizer@383bfa16, org.springframework.boot.test.mock.mockito.MockitoContextCustomizer@0, org.springframework.boot.test.web.client.TestRestTemplateContextCustomizer@48f278eb, org.springframework.boot.test.web.reactive.server.WebTestClientContextCustomizer@614ca7df, org.springframework.boot.test.autoconfigure.actuate.metrics.MetricsExportContextCustomizerFactory$DisableMetricExportContextCustomizer@58695725, org.springframework.boot.test.autoconfigure.properties.PropertyMappingContextCustomizer@0, org.springframework.boot.test.autoconfigure.web.servlet.WebDriverContextCustomizerFactory$Customizer@37d4349f, org.springframework.boot.test.context.SpringBootTestArgs@1, org.springframework.boot.test.context.SpringBootTestWebEnvironment@58c1670b], resourceBasePath = 'src/main/webapp', contextLoader = 'org.springframework.boot.test.context.SpringBootContextLoader', parent = [null]], attributes = map['org.springframework.test.context.web.ServletTestExecutionListener.activateListener' -> true]], class annotated with @DirtiesContext [false] with mode [null].
@BeforeAll

  .   ____          _            __ _ _
 /\\ / ___'_ __ _ _(_)_ __  __ _ \ \ \ \
( ( )\___ | '_ | '_| | '_ \/ _` | \ \ \ \
 \\/  ___)| |_)| | | | | || (_| |  ) ) ) )
  '  |____| .__|_| |_|_| |_\__, | / / / /
 =========|_|==============|___/=/_/_/_/
 :: Spring Boot ::                (v2.7.8)

2024-04-01 14:06:47.095  INFO 993985 --- [           main] c.a.h.i.service.test.ProductServiceTest  : Starting ProductServiceTest using Java 11.0.20.1 on daotq1 with PID 993985 (started by luongtx in /home/luongtx/Workspace/GITHUB/SpringAwsEcommerce)
2024-04-01 14:06:47.096  INFO 993985 --- [           main] c.a.h.i.service.test.ProductServiceTest  : No active profile set, falling back to 1 default profile: "default"
2024-04-01 14:06:47.709  INFO 993985 --- [           main] .s.d.r.c.RepositoryConfigurationDelegate : Bootstrapping Spring Data JPA repositories in DEFAULT mode.
2024-04-01 14:06:47.857  INFO 993985 --- [           main] .s.d.r.c.RepositoryConfigurationDelegate : Finished Spring Data repository scanning in 141 ms. Found 4 JPA repository interfaces.
2024-04-01 14:06:48.556  INFO 993985 --- [           main] o.hibernate.jpa.internal.util.LogHelper  : HHH000204: Processing PersistenceUnitInfo [name: default]
2024-04-01 14:06:48.600  INFO 993985 --- [           main] org.hibernate.Version                    : HHH000412: Hibernate ORM core version 5.6.14.Final
2024-04-01 14:06:48.772  INFO 993985 --- [           main] o.hibernate.annotations.common.Version   : HCANN000001: Hibernate Commons Annotations {5.1.2.Final}
2024-04-01 14:06:48.862  INFO 993985 --- [           main] com.zaxxer.hikari.HikariDataSource       : HikariPool-1 - Starting...
2024-04-01 14:06:49.035  INFO 993985 --- [           main] com.zaxxer.hikari.HikariDataSource       : HikariPool-1 - Start completed.
2024-04-01 14:06:49.050  INFO 993985 --- [           main] org.hibernate.dialect.Dialect            : HHH000400: Using dialect: org.hibernate.dialect.PostgreSQLDialect
Hibernate: create table customer (cust_id int8 not null, address varchar(255), customer_name varchar(255), email varchar(255), phone varchar(255), primary key (cust_id))
Hibernate: create table order_item (item_id int8 not null, quantity int4 not null, product_product_id int8, primary key (item_id))
Hibernate: create table orders (order_id int8 not null, date timestamp, customer_cust_id int8, primary key (order_id))
Hibernate: create table orders_order_item (orders_order_id int8 not null, order_item_item_id int8 not null)
Hibernate: create table product (product_id int8 not null, product varchar(255), product_description varchar(255), product_image varchar(255), product_qty int4 not null, unit_price float8 not null, primary key (product_id))
Hibernate: alter table orders_order_item drop constraint UK_pcuo2cilclb9l7egtgatphh3a
Hibernate: alter table orders_order_item add constraint UK_pcuo2cilclb9l7egtgatphh3a unique (order_item_item_id)
Hibernate: create sequence hibernate_sequence start 1 increment 1
Hibernate: alter table order_item add constraint FK5rg4979tfgc0krehhy6eh2e8f foreign key (product_product_id) references product
Hibernate: alter table orders add constraint FKa01l1vsym35wke0pxyk432lna foreign key (customer_cust_id) references customer
Hibernate: alter table orders_order_item add constraint FK2mc11g6u22vhm9rq194lwnw3o foreign key (order_item_item_id) references order_item
Hibernate: alter table orders_order_item add constraint FKch0sunruxw49910tmdvdjd1gi foreign key (orders_order_id) references orders
2024-04-01 14:06:49.677  INFO 993985 --- [           main] o.h.e.t.j.p.i.JtaPlatformInitiator       : HHH000490: Using JtaPlatform implementation: [org.hibernate.engine.transaction.jta.platform.internal.NoJtaPlatform]
2024-04-01 14:06:49.683  INFO 993985 --- [           main] j.LocalContainerEntityManagerFactoryBean : Initialized JPA EntityManagerFactory for persistence unit 'default'
2024-04-01 14:06:50.689  WARN 993985 --- [           main] JpaBaseConfiguration$JpaWebConfiguration : spring.jpa.open-in-view is enabled by default. Therefore, database queries may be performed during view rendering. Explicitly configure spring.jpa.open-in-view to disable this warning
2024-04-01 14:06:51.352  INFO 993985 --- [           main] c.a.h.i.service.test.ProductServiceTest  : Started ProductServiceTest in 4.63 seconds (JVM running for 5.569)
]]></system-out>
  </testcase>
  <testcase name="testCreateProduct" classname="com.aws.handson.iaac.service.test.ProductServiceTest" time="0">
    <skipped message="public void com.aws.handson.iaac.service.test.ProductServiceTest.testCreateProduct() is @Disabled"/>
  </testcase>
  <testcase name="testFindOneNotNull" classname="com.aws.handson.iaac.service.test.ProductServiceTest" time="0">
    <skipped message="public void com.aws.handson.iaac.service.test.ProductServiceTest.testFindOneNotNull() is @Disabled"/>
  </testcase>
  <testcase name="testFindOneAndUpdate" classname="com.aws.handson.iaac.service.test.ProductServiceTest" time="0">
    <skipped message="public void com.aws.handson.iaac.service.test.ProductServiceTest.testFindOneAndUpdate() is @Disabled"/>
  </testcase>
  <testcase name="testFindAllNotNull" classname="com.aws.handson.iaac.service.test.ProductServiceTest" time="0">
    <skipped message="public void com.aws.handson.iaac.service.test.ProductServiceTest.testFindAllNotNull() is @Disabled"/>
  </testcase>
</testsuite>