<?xml version="1.0" encoding="UTF-8"?>
<testsuite xmlns:xsi="http://www.w3.org/2001/XMLSchema-instance" xsi:noNamespaceSchemaLocation="https://maven.apache.org/surefire/maven-surefire-plugin/xsd/surefire-test-report.xsd" name="com.aws.handson.iaac.service.test.CustomerServiceTest" time="0.023" tests="5" errors="0" skipped="5" failures="0">
  <properties>
[...]
</properties>
  <testcase name="testFindAll" classname="com.aws.handson.iaac.service.test.CustomerServiceTest" time="0">
    <skipped message="public void com.aws.handson.iaac.service.test.CustomerServiceTest.testFindAll() is @Disabled"/>
    <system-out><![CDATA[2024-04-01 14:06:51.397  INFO 993985 --- [           main] .b.t.c.SpringBootTestContextBootstrapper : Neither @ContextConfiguration nor @ContextHierarchy found for test class [com.aws.handson.iaac.service.test.CustomerServiceTest], using SpringBootContextLoader
2024-04-01 14:06:51.398  INFO 993985 --- [           main] o.s.t.c.support.AbstractContextLoader    : Could not detect default resource locations for test class [com.aws.handson.iaac.service.test.CustomerServiceTest]: no resource found for suffixes {-context.xml, Context.groovy}.
2024-04-01 14:06:51.399  INFO 993985 --- [           main] t.c.s.AnnotationConfigContextLoaderUtils : Could not detect default configuration classes for test class [com.aws.handson.iaac.service.test.CustomerServiceTest]: CustomerServiceTest does not declare any static, non-private, non-final, nested classes annotated with @Configuration.
2024-04-01 14:06:51.401  INFO 993985 --- [           main] .b.t.c.SpringBootTestContextBootstrapper : Found @SpringBootConfiguration com.aws.handson.iaac.SpringbootEcomApplication for test class com.aws.handson.iaac.service.test.CustomerServiceTest
2024-04-01 14:06:51.403  INFO 993985 --- [           main] .b.t.c.SpringBootTestContextBootstrapper : Loaded default TestExecutionListener class names from location [META-INF/spring.factories]: [org.springframework.boot.test.mock.mockito.MockitoTestExecutionListener, org.springframework.boot.test.mock.mockito.ResetMocksTestExecutionListener, org.springframework.boot.test.autoconfigure.restdocs.RestDocsTestExecutionListener, org.springframework.boot.test.autoconfigure.web.client.MockRestServiceServerResetTestExecutionListener, org.springframework.boot.test.autoconfigure.web.servlet.MockMvcPrintOnlyOnFailureTestExecutionListener, org.springframework.boot.test.autoconfigure.web.servlet.WebDriverTestExecutionListener, org.springframework.boot.test.autoconfigure.webservices.client.MockWebServiceServerTestExecutionListener, org.springframework.test.context.web.ServletTestExecutionListener, org.springframework.test.context.support.DirtiesContextBeforeModesTestExecutionListener, org.springframework.test.context.event.ApplicationEventsTestExecutionListener, org.springframework.test.context.support.DependencyInjectionTestExecutionListener, org.springframework.test.context.support.DirtiesContextTestExecutionListener, org.springframework.test.context.transaction.TransactionalTestExecutionListener, org.springframework.test.context.jdbc.SqlScriptsTestExecutionListener, org.springframework.test.context.event.EventPublishingTestExecutionListener]
2024-04-01 14:06:51.403  INFO 993985 --- [           main] .b.t.c.SpringBootTestContextBootstrapper : Using TestExecutionListeners: [org.springframework.test.context.web.ServletTestExecutionListener@62fbefad, org.springframework.test.context.support.DirtiesContextBeforeModesTestExecutionListener@79f59e0e, org.springframework.test.context.event.ApplicationEventsTestExecutionListener@279ebd94, org.springframework.boot.test.mock.mockito.MockitoTestExecutionListener@2fa4888c, org.springframework.boot.test.autoconfigure.SpringBootDependencyInjectionTestExecutionListener@121f9c52, org.springframework.test.context.support.DirtiesContextTestExecutionListener@47cf65f1, org.springframework.test.context.transaction.TransactionalTestExecutionListener@156f0281, org.springframework.test.context.jdbc.SqlScriptsTestExecutionListener@1e041848, org.springframework.test.context.event.EventPublishingTestExecutionListener@7097ead6, org.springframework.boot.test.mock.mockito.ResetMocksTestExecutionListener@4c4be9d8, org.springframework.boot.test.autoconfigure.restdocs.RestDocsTestExecutionListener@21dd91da, org.springframework.boot.test.autoconfigure.web.client.MockRestServiceServerResetTestExecutionListener@1f251bf1, org.springframework.boot.test.autoconfigure.web.servlet.MockMvcPrintOnlyOnFailureTestExecutionListener@502b9399, org.springframework.boot.test.autoconfigure.web.servlet.WebDriverTestExecutionListener@433db56d, org.springframework.boot.test.autoconfigure.webservices.client.MockWebServiceServerTestExecutionListener@e23af91]
]]></system-out>
  </testcase>
  <testcase name="testFindOne" classname="com.aws.handson.iaac.service.test.CustomerServiceTest" time="0">
    <skipped message="public void com.aws.handson.iaac.service.test.CustomerServiceTest.testFindOne() is @Disabled"/>
  </testcase>
  <testcase name="testCreateCustomer" classname="com.aws.handson.iaac.service.test.CustomerServiceTest" time="0">
    <skipped message="public void com.aws.handson.iaac.service.test.CustomerServiceTest.testCreateCustomer() is @Disabled"/>
  </testcase>
  <testcase name="testDelete" classname="com.aws.handson.iaac.service.test.CustomerServiceTest" time="0">
    <skipped message="public void com.aws.handson.iaac.service.test.CustomerServiceTest.testDelete() is @Disabled"/>
  </testcase>
  <testcase name="testUpdate" classname="com.aws.handson.iaac.service.test.CustomerServiceTest" time="0">
    <skipped message="public void com.aws.handson.iaac.service.test.CustomerServiceTest.testUpdate() is @Disabled"/>
  </testcase>
</testsuite>